mktextfm ecss1440
mktextfm phvr8t
mktextfm phvr8t
mktextfm phvr8t
mktextfm ecrm0800
mktextfm phvr8t
mktextfm ecrm1440
mktextfm ecbx1440
mktextfm ecrm1200
mktextfm ecbx1200
mktextfm ecrm1000
mktextfm ectt1000
mktextfm phvr8t
mktextfm phvro8t
mktextfm nullfont
mktextfm phvro8t
mktextfm nullfont
mktextfm phvro8t
mktextfm nullfont
mktextfm phvro8t
mktextfm nullfont
mktextfm phvr8t
mktextfm phvr8t
mktextfm phvb8t
mktextfm nullfont
mktextfm phvr8t
mktextfm phvro8t
mktextfm nullfont
mktextfm phvro8t
mktextfm nullfont
mktextfm ecss1440
mktextfm phvr8t
mktextfm phvr8t
mktextfm phvr8t
mktextfm ecrm0800
mktextfm phvr8t
mktextfm ecrm1440
mktextfm ecbx1440
mktextfm ecrm1200
mktextfm ecbx1200
mktextfm ecrm1000
mktextfm ectt1000
mktextfm phvr8t
mktextfm phvro8t
mktextfm nullfont
mktextfm phvro8t
mktextfm nullfont
mktextfm phvro8t
mktextfm nullfont
mktextfm phvro8t
mktextfm nullfont
mktextfm phvr8t
mktextfm phvr8t
mktextfm phvb8t
mktextfm nullfont
mktextfm phvr8t
mktextfm phvro8t
mktextfm nullfont
mktextfm phvro8t
mktextfm nullfont
